<?xml version="1.0" encoding="UTF-8"?>
<testsuite name="com.aprentas.m295.project.m295_rest_api.controller.CustomerControllerTest" tests="4" skipped="0" failures="0" errors="0" timestamp="2025-04-14T12:42:32.066Z" hostname="ATB-WSUEK86" time="0.048">
  <properties/>
  <testcase name="testGetCustomerById()" classname="com.aprentas.m295.project.m295_rest_api.controller.CustomerControllerTest" time="0.015"/>
  <testcase name="testUpdateCustomer()" classname="com.aprentas.m295.project.m295_rest_api.controller.CustomerControllerTest" time="0.014"/>
  <testcase name="testCreateCustomer()" classname="com.aprentas.m295.project.m295_rest_api.controller.CustomerControllerTest" time="0.009"/>
  <testcase name="testDeleteCustomer()" classname="com.aprentas.m295.project.m295_rest_api.controller.CustomerControllerTest" time="0.006"/>
  <system-out><![CDATA[2025-04-14T14:42:31.763+02:00  INFO 4232 --- [m295-rest-api] [    Test worker] t.c.s.AnnotationConfigContextLoaderUtils : Could not detect default configuration classes for test class [com.aprentas.m295.project.m295_rest_api.controller.CustomerControllerTest]: CustomerControllerTest does not declare any static, non-private, non-final, nested classes annotated with @Configuration.
2025-04-14T14:42:31.779+02:00  INFO 4232 --- [m295-rest-api] [    Test worker] .b.t.c.SpringBootTestContextBootstrapper : Found @SpringBootConfiguration com.aprentas.m295.project.m295_rest_api.M295RestApiApplication for test class com.aprentas.m295.project.m295_rest_api.controller.CustomerControllerTest

  .   ____          _            __ _ _
 /\\ / ___'_ __ _ _(_)_ __  __ _ \ \ \ \
( ( )\___ | '_ | '_| | '_ \/ _` | \ \ \ \
 \\/  ___)| |_)| | | | | || (_| |  ) ) ) )
  '  |____| .__|_| |_|_| |_\__, | / / / /
 =========|_|==============|___/=/_/_/_/

 :: Spring Boot ::                (v3.4.4)

2025-04-14T14:42:31.812+02:00  INFO 4232 --- [m295-rest-api] [    Test worker] c.a.m.p.m.c.CustomerControllerTest       : Starting CustomerControllerTest using Java 21.0.6 with PID 4232 (started by LATB-WSUEK86 in C:\Users\LATB-WSUEK86\gradle-project\m295-rest-api)
2025-04-14T14:42:31.812+02:00  INFO 4232 --- [m295-rest-api] [    Test worker] c.a.m.p.m.c.CustomerControllerTest       : No active profile set, falling back to 1 default profile: "default"
2025-04-14T14:42:32.055+02:00  INFO 4232 --- [m295-rest-api] [    Test worker] o.s.b.t.m.w.SpringBootMockServletContext : Initializing Spring TestDispatcherServlet ''
2025-04-14T14:42:32.055+02:00  INFO 4232 --- [m295-rest-api] [    Test worker] o.s.t.web.servlet.TestDispatcherServlet  : Initializing Servlet ''
2025-04-14T14:42:32.056+02:00  INFO 4232 --- [m295-rest-api] [    Test worker] o.s.t.web.servlet.TestDispatcherServlet  : Completed initialization in 0 ms
2025-04-14T14:42:32.064+02:00  INFO 4232 --- [m295-rest-api] [    Test worker] c.a.m.p.m.c.CustomerControllerTest       : Started CustomerControllerTest in 0.282 seconds (process running for 5.867)
]]></system-out>
  <system-err><![CDATA[]]></system-err>
</testsuite>
