<?xml version="1.0" encoding="UTF-8"?>
<testsuite name="com.aprentas.m295.project.m295_rest_api.controller.MediaControllerTest" tests="4" skipped="0" failures="0" errors="0" timestamp="2025-04-14T12:42:32.404Z" hostname="ATB-WSUEK86" time="0.041">
  <properties/>
  <testcase name="testDeleteMedia()" classname="com.aprentas.m295.project.m295_rest_api.controller.MediaControllerTest" time="0.008"/>
  <testcase name="testUpdateMedia()" classname="com.aprentas.m295.project.m295_rest_api.controller.MediaControllerTest" time="0.014"/>
  <testcase name="testCreateMedia()" classname="com.aprentas.m295.project.m295_rest_api.controller.MediaControllerTest" time="0.008"/>
  <testcase name="testGetAllMedia()" classname="com.aprentas.m295.project.m295_rest_api.controller.MediaControllerTest" time="0.008"/>
  <system-out><![CDATA[2025-04-14T14:42:32.119+02:00  INFO 4232 --- [m295-rest-api] [    Test worker] t.c.s.AnnotationConfigContextLoaderUtils : Could not detect default configuration classes for test class [com.aprentas.m295.project.m295_rest_api.controller.MediaControllerTest]: MediaControllerTest does not declare any static, non-private, non-final, nested classes annotated with @Configuration.
2025-04-14T14:42:32.132+02:00  INFO 4232 --- [m295-rest-api] [    Test worker] .b.t.c.SpringBootTestContextBootstrapper : Found @SpringBootConfiguration com.aprentas.m295.project.m295_rest_api.M295RestApiApplication for test class com.aprentas.m295.project.m295_rest_api.controller.MediaControllerTest

  .   ____          _            __ _ _
 /\\ / ___'_ __ _ _(_)_ __  __ _ \ \ \ \
( ( )\___ | '_ | '_| | '_ \/ _` | \ \ \ \
 \\/  ___)| |_)| | | | | || (_| |  ) ) ) )
  '  |____| .__|_| |_|_| |_\__, | / / / /
 =========|_|==============|___/=/_/_/_/

 :: Spring Boot ::                (v3.4.4)

2025-04-14T14:42:32.162+02:00  INFO 4232 --- [m295-rest-api] [    Test worker] c.a.m.p.m.c.MediaControllerTest          : Starting MediaControllerTest using Java 21.0.6 with PID 4232 (started by LATB-WSUEK86 in C:\Users\LATB-WSUEK86\gradle-project\m295-rest-api)
2025-04-14T14:42:32.162+02:00  INFO 4232 --- [m295-rest-api] [    Test worker] c.a.m.p.m.c.MediaControllerTest          : No active profile set, falling back to 1 default profile: "default"
2025-04-14T14:42:32.392+02:00  INFO 4232 --- [m295-rest-api] [    Test worker] o.s.b.t.m.w.SpringBootMockServletContext : Initializing Spring TestDispatcherServlet ''
2025-04-14T14:42:32.392+02:00  INFO 4232 --- [m295-rest-api] [    Test worker] o.s.t.web.servlet.TestDispatcherServlet  : Initializing Servlet ''
2025-04-14T14:42:32.393+02:00  INFO 4232 --- [m295-rest-api] [    Test worker] o.s.t.web.servlet.TestDispatcherServlet  : Completed initialization in 0 ms
2025-04-14T14:42:32.401+02:00  INFO 4232 --- [m295-rest-api] [    Test worker] c.a.m.p.m.c.MediaControllerTest          : Started MediaControllerTest in 0.266 seconds (process running for 6.204)
]]></system-out>
  <system-err><![CDATA[]]></system-err>
</testsuite>
